<?xml version="1.0" encoding="UTF-8" ?>
<testsuite tests="1" failures="0" name="com.jakehell.commandpattern.AppTest" time="0.003" errors="0" skipped="0">
  <properties>
    <property name="java.runtime.name" value="Java(TM) SE Runtime Environment"/>
    <property name="java.vm.version" value="12.0.2+10"/>
    <property name="sun.boot.library.path" value="C:\Program Files\Java\jdk-12.0.2\bin"/>
    <property name="maven.multiModuleProjectDirectory" value="C:\Users\hell\Command-Pattern\commandpattern"/>
    <property name="java.vm.vendor" value="Oracle Corporation"/>
    <property name="java.vendor.url" value="https://java.oracle.com/"/>
    <property name="guice.disable.misplaced.annotation.check" value="true"/>
    <property name="path.separator" value=";"/>
    <property name="java.vm.name" value="Java HotSpot(TM) 64-Bit Server VM"/>
    <property name="sun.os.patch.level" value=""/>
    <property name="user.script" value=""/>
    <property name="user.country" value="US"/>
    <property name="sun.java.launcher" value="SUN_STANDARD"/>
    <property name="java.vm.specification.name" value="Java Virtual Machine Specification"/>
    <property name="user.dir" value="C:\Users\hell\Command-Pattern\commandpattern"/>
    <property name="java.vm.compressedOopsMode" value="Zero based"/>
    <property name="java.runtime.version" value="12.0.2+10"/>
    <property name="java.awt.graphicsenv" value="sun.awt.Win32GraphicsEnvironment"/>
    <property name="os.arch" value="amd64"/>
    <property name="java.io.tmpdir" value="C:\Users\hell\AppData\Local\Temp\"/>
    <property name="line.separator" value="
"/>
    <property name="java.vm.specification.vendor" value="Oracle Corporation"/>
    <property name="user.variant" value=""/>
    <property name="os.name" value="Windows 10"/>
    <property name="classworlds.conf" value="C:\Users\hell\Command-Pattern\.metadata\.plugins\org.eclipse.m2e.launching\launches\m2conf123275337010469737.tmp"/>
    <property name="sun.jnu.encoding" value="Cp1252"/>
    <property name="java.library.path" value="C:\Program Files\Java\jdk-12.0.2\bin;C:\windows\Sun\Java\bin;C:\windows\system32;C:\windows;C:/Program Files/Java/jdk-12.0.2/bin/server;C:/Program Files/Java/jdk-12.0.2/bin;C:\windows\system32;C:\windows;C:\windows\System32\Wbem;C:\windows\System32\WindowsPowerShell\v1.0\;C:\windows\System32\OpenSSH\;C:\Program Files (x86)\HID Global\ActivClient\;C:\Program Files\HID Global\ActivClient\;C:\Program Files (x86)\Sennheiser\SoftphoneSDK\;C:\Apps\gradle-5.6.2\bin;C:\Program Files\Java\jdk-12.0.2\bin;C:\Program Files\Microsoft VS Code\bin;C:\Program Files (x86)\NSIS\Bin;C:\Program Files (x86)\GA-ASI\SignalPlotter\USAF\2.2.0.6\SignalPlotter\bin\win32;C:\Program Files\Git\bin;C:\ProgramData\chocolatey\bin;C:\Hugo\bin;C:\Users\hell\AppData\Local\Microsoft\WindowsApps;;C:\eclipse\java-2019-09\eclipse;;."/>
    <property name="jdk.debug" value="release"/>
    <property name="java.class.version" value="56.0"/>
    <property name="java.specification.name" value="Java Platform API Specification"/>
    <property name="sun.management.compiler" value="HotSpot 64-Bit Tiered Compilers"/>
    <property name="os.version" value="10.0"/>
    <property name="user.home" value="C:\Users\hell"/>
    <property name="user.timezone" value="America/Chicago"/>
    <property name="file.encoding" value="Cp1252"/>
    <property name="java.specification.version" value="12"/>
    <property name="user.name" value="hell"/>
    <property name="java.class.path" value="C:\Users\tmdesktop\.p2\pool\plugins\org.eclipse.m2e.maven.runtime_1.13.0.20190716-1623\jars\plexus-classworlds-2.6.0.jar"/>
    <property name="java.vm.specification.version" value="12"/>
    <property name="sun.arch.data.model" value="64"/>
    <property name="sun.java.command" value="org.codehaus.plexus.classworlds.launcher.Launcher -B package"/>
    <property name="java.home" value="C:\Program Files\Java\jdk-12.0.2"/>
    <property name="user.language" value="en"/>
    <property name="java.specification.vendor" value="Oracle Corporation"/>
    <property name="awt.toolkit" value="sun.awt.windows.WToolkit"/>
    <property name="java.vm.info" value="mixed mode, sharing"/>
    <property name="java.version" value="12.0.2"/>
    <property name="java.vendor" value="Oracle Corporation"/>
    <property name="maven.home" value="C:\Users\hell\Command-Pattern\commandpattern\EMBEDDED"/>
    <property name="file.separator" value="\"/>
    <property name="java.version.date" value="2019-07-16"/>
    <property name="java.vendor.url.bug" value="https://bugreport.java.com/bugreport/"/>
    <property name="sun.io.unicode.encoding" value="UnicodeLittle"/>
    <property name="sun.cpu.endian" value="little"/>
    <property name="sun.desktop" value="windows"/>
    <property name="sun.cpu.isalist" value="amd64"/>
  </properties>
  <testcase classname="com.jakehell.commandpattern.AppTest" name="testApp" time="0.003"/>
</testsuite>